<?xml version="1.0" encoding="UTF-8"?>
<!-- Generated by org.testng.reporters.JUnitReportReporter -->
<testsuite hostname="RizwanA_DSG" failures="0" tests="5" name="TestScenarios.TC_006_ETBLeadCreation" time="53.001" errors="0" timestamp="2022-08-09T20:19:55 IST" skipped="0">
  <testcase classname="TestScenarios.TC_006_ETBLeadCreation" name="ETBCreateNewLead2" time="6.979"/>
  <system-out/>
  <testcase classname="TestScenarios.TC_006_ETBLeadCreation" name="ETBCreateNewLead" time="19.324"/>
  <system-out>
    <![CDATA[Enter UserName
Enter Password]]>
  </system-out>
  <testcase classname="TestScenarios.TC_006_ETBLeadCreation" name="ETBCreateNewLead1" time="13.729"/>
  <system-out/>
  <testcase classname="TestScenarios.TC_006_ETBLeadCreation" name="ETBCreateNewLead3" time="5.499"/>
  <system-out/>
  <testcase classname="TestScenarios.TC_006_ETBLeadCreation" name="ETBCreateNewLead4" time="7.470"/>
  <system-out/>
</testsuite> <!-- TestScenarios.TC_006_ETBLeadCreation -->
