<?xml version="1.0" encoding="UTF-8"?>
<!-- Generated by org.testng.reporters.JUnitReportReporter -->
<testsuite hostname="RizwanA_DSG" failures="0" tests="5" name="TestScenarios.TC_005_LeadDocsCollectedSelfEmployed" time="99.559" errors="0" timestamp="2022-08-09T20:35:54 IST" skipped="0">
  <testcase classname="TestScenarios.TC_005_LeadDocsCollectedSelfEmployed" name="CreateNewLeadCollSelfEmp3" time="16.018"/>
  <system-out/>
  <testcase classname="TestScenarios.TC_005_LeadDocsCollectedSelfEmployed" name="CreateNewLeadCollSelfEmp4" time="18.515"/>
  <system-out/>
  <testcase classname="TestScenarios.TC_005_LeadDocsCollectedSelfEmployed" name="CreateNewLeadCollSelfEmp1" time="41.423"/>
  <system-out/>
  <testcase classname="TestScenarios.TC_005_LeadDocsCollectedSelfEmployed" name="CreateNewLeadCollSelfEmp" time="14.661"/>
  <system-out>
    <![CDATA[Enter UserName
Enter Password]]>
  </system-out>
  <testcase classname="TestScenarios.TC_005_LeadDocsCollectedSelfEmployed" name="CreateNewLeadCollSelfEmp2" time="8.942"/>
  <system-out/>
</testsuite> <!-- TestScenarios.TC_005_LeadDocsCollectedSelfEmployed -->
